<?xml version="1.0" encoding="UTF-8"?>
<robot generator="Robot 3.1.2 (Python 3.8.0 on win32)" generated="20191017 14:48:38.737" rpa="false">
<suite id="s1" name="Svickova" source="C:\Users\morav\eclipse-workspace\Svickova">
<suite id="s1-s1" name="Svickova" source="C:\Users\morav\eclipse-workspace\Svickova\svickova.robot">
<test id="s1-s1-t1" name="Test 1: Find Food">
<kw name="Open Browser Za Vitr">
<kw name="Open Browser" library="SeleniumLibrary">
<doc>Opens a new browser instance to the given ``url``.</doc>
<arguments>
<arg>http://www.restaurantzavetrem.cz</arg>
<arg>chrome</arg>
</arguments>
<msg timestamp="20191017 14:48:39.073" level="INFO">Opening browser 'chrome' to base url 'http://www.restaurantzavetrem.cz'.</msg>
<status status="PASS" starttime="20191017 14:48:39.072" endtime="20191017 14:48:47.672"></status>
</kw>
<kw name="Maximize Browser Window" library="SeleniumLibrary">
<doc>Maximizes current browser window.</doc>
<status status="PASS" starttime="20191017 14:48:47.674" endtime="20191017 14:48:52.134"></status>
</kw>
<status status="PASS" starttime="20191017 14:48:39.071" endtime="20191017 14:48:52.135"></status>
</kw>
<kw name="Find String">
<kw name="Scroll Element Into View" library="SeleniumLibrary">
<doc>Scrolls the element identified by ``locator`` into view.</doc>
<arguments>
<arg>//*[@id="about"]/div/div/div[2]/table</arg>
</arguments>
<status status="PASS" starttime="20191017 14:48:52.137" endtime="20191017 14:48:52.469"></status>
</kw>
<kw name="Table Should Contain" library="SeleniumLibrary">
<doc>Verifies table contains text ``expected``.</doc>
<arguments>
<arg>//*[@id="about"]/div/div/div[2]/table</arg>
<arg>${searched_food}</arg>
</arguments>
<kw name="Capture Page Screenshot" library="SeleniumLibrary">
<doc>Takes a screenshot of the current page and embeds it into a log file.</doc>
<msg timestamp="20191017 14:49:05.371" level="INFO" html="yes">&lt;/td&gt;&lt;/tr&gt;&lt;tr&gt;&lt;td colspan="3"&gt;&lt;a href="selenium-screenshot-3.png"&gt;&lt;img src="selenium-screenshot-3.png" width="800px"&gt;&lt;/a&gt;</msg>
<status status="PASS" starttime="20191017 14:49:04.841" endtime="20191017 14:49:05.371"></status>
</kw>
<msg timestamp="20191017 14:49:05.373" level="FAIL">Table '//*[@id="about"]/div/div/div[2]/table' did not contain text 'Svíčková na smetaně'.</msg>
<status status="FAIL" starttime="20191017 14:48:52.470" endtime="20191017 14:49:05.374"></status>
</kw>
<status status="FAIL" starttime="20191017 14:48:52.135" endtime="20191017 14:49:05.374"></status>
</kw>
<kw name="Close Browser" library="SeleniumLibrary" type="teardown">
<doc>Closes the current browser.</doc>
<status status="PASS" starttime="20191017 14:49:05.374" endtime="20191017 14:49:07.754"></status>
</kw>
<status status="FAIL" starttime="20191017 14:48:39.070" endtime="20191017 14:49:07.755" critical="yes">Table '//*[@id="about"]/div/div/div[2]/table' did not contain text 'Svíčková na smetaně'.</status>
</test>
<status status="FAIL" starttime="20191017 14:48:38.806" endtime="20191017 14:49:07.756"></status>
</suite>
<status status="FAIL" starttime="20191017 14:48:38.777" endtime="20191017 14:49:07.759"></status>
</suite>
<statistics>
<total>
<stat pass="0" fail="1">Critical Tests</stat>
<stat pass="0" fail="1">All Tests</stat>
</total>
<tag>
</tag>
<suite>
<stat pass="0" fail="1" id="s1" name="Svickova">Svickova</stat>
<stat pass="0" fail="1" id="s1-s1" name="Svickova">Svickova.Svickova</stat>
</suite>
</statistics>
<errors>
</errors>
</robot>
